[1.662s] Invoking command in '/home/johan/Taller-2-Robotica/ros2_ws/src/diff_bot_3': DEBUGINFOD_URLS=https://debuginfod.ubuntu.com PYTHONPATH=/home/johan/Taller-2-Robotica/ros2_ws/build/diff_bot_3/prefix_override:/usr/lib/python3/dist-packages/colcon_core/task/python/colcon_distutils_commands:/home/johan/Taller-2-Robotica/ros2_ws/install/diff_bot_3/lib/python3.12/site-packages:${PYTHONPATH} /usr/bin/python3 -W ignore:setup.py install is deprecated -W ignore:easy_install command is deprecated setup.py egg_info --egg-base ../../build/diff_bot_3 build --build-base /home/johan/Taller-2-Robotica/ros2_ws/build/diff_bot_3/build install --record /home/johan/Taller-2-Robotica/ros2_ws/build/diff_bot_3/install.log --single-version-externally-managed install_data
[2.063s] running egg_info
[2.089s] writing ../../build/diff_bot_3/diff_bot_3.egg-info/PKG-INFO
[2.089s] writing dependency_links to ../../build/diff_bot_3/diff_bot_3.egg-info/dependency_links.txt
[2.092s] writing entry points to ../../build/diff_bot_3/diff_bot_3.egg-info/entry_points.txt
[2.092s] writing requirements to ../../build/diff_bot_3/diff_bot_3.egg-info/requires.txt
[2.092s] writing top-level names to ../../build/diff_bot_3/diff_bot_3.egg-info/top_level.txt
[2.153s] reading manifest file '../../build/diff_bot_3/diff_bot_3.egg-info/SOURCES.txt'
[2.155s] writing manifest file '../../build/diff_bot_3/diff_bot_3.egg-info/SOURCES.txt'
[2.156s] running build
[2.156s] running build_py
[2.157s] copying diff_bot_3/robot_teleop.py -> /home/johan/Taller-2-Robotica/ros2_ws/build/diff_bot_3/build/lib/diff_bot_3
[2.157s] running install
[2.167s] running install_lib
[2.193s] copying /home/johan/Taller-2-Robotica/ros2_ws/build/diff_bot_3/build/lib/diff_bot_3/robot_teleop.py -> /home/johan/Taller-2-Robotica/ros2_ws/install/diff_bot_3/lib/python3.12/site-packages/diff_bot_3
[2.194s] byte-compiling /home/johan/Taller-2-Robotica/ros2_ws/install/diff_bot_3/lib/python3.12/site-packages/diff_bot_3/robot_teleop.py to robot_teleop.cpython-312.pyc
[2.195s] running install_data
[2.196s] running install_egg_info
[2.231s] removing '/home/johan/Taller-2-Robotica/ros2_ws/install/diff_bot_3/lib/python3.12/site-packages/diff_bot_3-0.0.0-py3.12.egg-info' (and everything under it)
[2.231s] Copying ../../build/diff_bot_3/diff_bot_3.egg-info to /home/johan/Taller-2-Robotica/ros2_ws/install/diff_bot_3/lib/python3.12/site-packages/diff_bot_3-0.0.0-py3.12.egg-info
[2.233s] running install_scripts
[2.427s] Installing robot_core script to /home/johan/Taller-2-Robotica/ros2_ws/install/diff_bot_3/lib/diff_bot_3
[2.427s] Installing robot_interface script to /home/johan/Taller-2-Robotica/ros2_ws/install/diff_bot_3/lib/diff_bot_3
[2.430s] Installing robot_player script to /home/johan/Taller-2-Robotica/ros2_ws/install/diff_bot_3/lib/diff_bot_3
[2.430s] Installing robot_teleop script to /home/johan/Taller-2-Robotica/ros2_ws/install/diff_bot_3/lib/diff_bot_3
[2.431s] writing list of installed files to '/home/johan/Taller-2-Robotica/ros2_ws/build/diff_bot_3/install.log'
[2.501s] Invoked command in '/home/johan/Taller-2-Robotica/ros2_ws/src/diff_bot_3' returned '0': DEBUGINFOD_URLS=https://debuginfod.ubuntu.com PYTHONPATH=/home/johan/Taller-2-Robotica/ros2_ws/build/diff_bot_3/prefix_override:/usr/lib/python3/dist-packages/colcon_core/task/python/colcon_distutils_commands:/home/johan/Taller-2-Robotica/ros2_ws/install/diff_bot_3/lib/python3.12/site-packages:${PYTHONPATH} /usr/bin/python3 -W ignore:setup.py install is deprecated -W ignore:easy_install command is deprecated setup.py egg_info --egg-base ../../build/diff_bot_3 build --build-base /home/johan/Taller-2-Robotica/ros2_ws/build/diff_bot_3/build install --record /home/johan/Taller-2-Robotica/ros2_ws/build/diff_bot_3/install.log --single-version-externally-managed install_data
