/home/johan/Taller-2-Robotica/ros2_ws/install/diff_bot_3/lib/python3.12/site-packages/diff_bot_3/diferencial_player.py
/home/johan/Taller-2-Robotica/ros2_ws/install/diff_bot_3/lib/python3.12/site-packages/diff_bot_3/diferencial_odometria.py
/home/johan/Taller-2-Robotica/ros2_ws/install/diff_bot_3/lib/python3.12/site-packages/diff_bot_3/robot_interface.py
/home/johan/Taller-2-Robotica/ros2_ws/install/diff_bot_3/lib/python3.12/site-packages/diff_bot_3/__init__.py
/home/johan/Taller-2-Robotica/ros2_ws/install/diff_bot_3/lib/python3.12/site-packages/diff_bot_3/robot_player.py
/home/johan/Taller-2-Robotica/ros2_ws/install/diff_bot_3/lib/python3.12/site-packages/diff_bot_3/diferencial_teleop.py
/home/johan/Taller-2-Robotica/ros2_ws/install/diff_bot_3/lib/python3.12/site-packages/diff_bot_3/robot_teleop.py
/home/johan/Taller-2-Robotica/ros2_ws/install/diff_bot_3/lib/python3.12/site-packages/diff_bot_3/robot_core.py
/home/johan/Taller-2-Robotica/ros2_ws/install/diff_bot_3/lib/python3.12/site-packages/diff_bot_3/diferencial_interface.py
/home/johan/Taller-2-Robotica/ros2_ws/install/diff_bot_3/lib/python3.12/site-packages/diff_bot_3/__pycache__/diferencial_player.cpython-312.pyc
/home/johan/Taller-2-Robotica/ros2_ws/install/diff_bot_3/lib/python3.12/site-packages/diff_bot_3/__pycache__/diferencial_odometria.cpython-312.pyc
/home/johan/Taller-2-Robotica/ros2_ws/install/diff_bot_3/lib/python3.12/site-packages/diff_bot_3/__pycache__/robot_interface.cpython-312.pyc
/home/johan/Taller-2-Robotica/ros2_ws/install/diff_bot_3/lib/python3.12/site-packages/diff_bot_3/__pycache__/__init__.cpython-312.pyc
/home/johan/Taller-2-Robotica/ros2_ws/install/diff_bot_3/lib/python3.12/site-packages/diff_bot_3/__pycache__/robot_player.cpython-312.pyc
/home/johan/Taller-2-Robotica/ros2_ws/install/diff_bot_3/lib/python3.12/site-packages/diff_bot_3/__pycache__/diferencial_teleop.cpython-312.pyc
/home/johan/Taller-2-Robotica/ros2_ws/install/diff_bot_3/lib/python3.12/site-packages/diff_bot_3/__pycache__/robot_teleop.cpython-312.pyc
/home/johan/Taller-2-Robotica/ros2_ws/install/diff_bot_3/lib/python3.12/site-packages/diff_bot_3/__pycache__/robot_core.cpython-312.pyc
/home/johan/Taller-2-Robotica/ros2_ws/install/diff_bot_3/lib/python3.12/site-packages/diff_bot_3/__pycache__/diferencial_interface.cpython-312.pyc
/home/johan/Taller-2-Robotica/ros2_ws/install/diff_bot_3/share/ament_index/resource_index/packages/diff_bot_3
/home/johan/Taller-2-Robotica/ros2_ws/install/diff_bot_3/share/diff_bot_3/package.xml
/home/johan/Taller-2-Robotica/ros2_ws/install/diff_bot_3/share/diff_bot_3/launch/robot_launch.py
/home/johan/Taller-2-Robotica/ros2_ws/install/diff_bot_3/lib/python3.12/site-packages/diff_bot_3-0.0.0-py3.12.egg-info/requires.txt
/home/johan/Taller-2-Robotica/ros2_ws/install/diff_bot_3/lib/python3.12/site-packages/diff_bot_3-0.0.0-py3.12.egg-info/top_level.txt
/home/johan/Taller-2-Robotica/ros2_ws/install/diff_bot_3/lib/python3.12/site-packages/diff_bot_3-0.0.0-py3.12.egg-info/zip-safe
/home/johan/Taller-2-Robotica/ros2_ws/install/diff_bot_3/lib/python3.12/site-packages/diff_bot_3-0.0.0-py3.12.egg-info/PKG-INFO
/home/johan/Taller-2-Robotica/ros2_ws/install/diff_bot_3/lib/python3.12/site-packages/diff_bot_3-0.0.0-py3.12.egg-info/SOURCES.txt
/home/johan/Taller-2-Robotica/ros2_ws/install/diff_bot_3/lib/python3.12/site-packages/diff_bot_3-0.0.0-py3.12.egg-info/dependency_links.txt
/home/johan/Taller-2-Robotica/ros2_ws/install/diff_bot_3/lib/python3.12/site-packages/diff_bot_3-0.0.0-py3.12.egg-info/entry_points.txt
/home/johan/Taller-2-Robotica/ros2_ws/install/diff_bot_3/lib/diff_bot_3/robot_core
/home/johan/Taller-2-Robotica/ros2_ws/install/diff_bot_3/lib/diff_bot_3/robot_interface
/home/johan/Taller-2-Robotica/ros2_ws/install/diff_bot_3/lib/diff_bot_3/robot_player
/home/johan/Taller-2-Robotica/ros2_ws/install/diff_bot_3/lib/diff_bot_3/robot_teleop
