[1.345s] Invoking command in '/home/johan/Taller-2-Robotica/ros2_ws/src/diff_bot_3': DEBUGINFOD_URLS=https://debuginfod.ubuntu.com PYTHONPATH=/home/johan/Taller-2-Robotica/ros2_ws/build/diff_bot_3/prefix_override:/usr/lib/python3/dist-packages/colcon_core/task/python/colcon_distutils_commands:/home/johan/Taller-2-Robotica/ros2_ws/install/diff_bot_3/lib/python3.12/site-packages:${PYTHONPATH} /usr/bin/python3 -W ignore:setup.py install is deprecated -W ignore:easy_install command is deprecated setup.py egg_info --egg-base ../../build/diff_bot_3 build --build-base /home/johan/Taller-2-Robotica/ros2_ws/build/diff_bot_3/build install --record /home/johan/Taller-2-Robotica/ros2_ws/build/diff_bot_3/install.log --single-version-externally-managed install_data
[1.741s] running egg_info
[1.766s] writing ../../build/diff_bot_3/diff_bot_3.egg-info/PKG-INFO
[1.766s] writing dependency_links to ../../build/diff_bot_3/diff_bot_3.egg-info/dependency_links.txt
[1.769s] writing entry points to ../../build/diff_bot_3/diff_bot_3.egg-info/entry_points.txt
[1.769s] writing requirements to ../../build/diff_bot_3/diff_bot_3.egg-info/requires.txt
[1.769s] writing top-level names to ../../build/diff_bot_3/diff_bot_3.egg-info/top_level.txt
[1.830s] reading manifest file '../../build/diff_bot_3/diff_bot_3.egg-info/SOURCES.txt'
[1.831s] writing manifest file '../../build/diff_bot_3/diff_bot_3.egg-info/SOURCES.txt'
[1.831s] running build
[1.831s] running build_py
[1.832s] copying diff_bot_3/robot_teleop.py -> /home/johan/Taller-2-Robotica/ros2_ws/build/diff_bot_3/build/lib/diff_bot_3
[1.832s] running install
[1.842s] running install_lib
[1.868s] copying /home/johan/Taller-2-Robotica/ros2_ws/build/diff_bot_3/build/lib/diff_bot_3/robot_teleop.py -> /home/johan/Taller-2-Robotica/ros2_ws/install/diff_bot_3/lib/python3.12/site-packages/diff_bot_3
[1.869s] byte-compiling /home/johan/Taller-2-Robotica/ros2_ws/install/diff_bot_3/lib/python3.12/site-packages/diff_bot_3/robot_teleop.py to robot_teleop.cpython-312.pyc
[1.870s] running install_data
[1.871s] running install_egg_info
[1.898s] removing '/home/johan/Taller-2-Robotica/ros2_ws/install/diff_bot_3/lib/python3.12/site-packages/diff_bot_3-0.0.0-py3.12.egg-info' (and everything under it)
[1.898s] Copying ../../build/diff_bot_3/diff_bot_3.egg-info to /home/johan/Taller-2-Robotica/ros2_ws/install/diff_bot_3/lib/python3.12/site-packages/diff_bot_3-0.0.0-py3.12.egg-info
[1.900s] running install_scripts
[2.093s] Installing robot_core script to /home/johan/Taller-2-Robotica/ros2_ws/install/diff_bot_3/lib/diff_bot_3
[2.094s] Installing robot_interface script to /home/johan/Taller-2-Robotica/ros2_ws/install/diff_bot_3/lib/diff_bot_3
[2.096s] Installing robot_player script to /home/johan/Taller-2-Robotica/ros2_ws/install/diff_bot_3/lib/diff_bot_3
[2.096s] Installing robot_teleop script to /home/johan/Taller-2-Robotica/ros2_ws/install/diff_bot_3/lib/diff_bot_3
[2.097s] writing list of installed files to '/home/johan/Taller-2-Robotica/ros2_ws/build/diff_bot_3/install.log'
[2.179s] Invoked command in '/home/johan/Taller-2-Robotica/ros2_ws/src/diff_bot_3' returned '0': DEBUGINFOD_URLS=https://debuginfod.ubuntu.com PYTHONPATH=/home/johan/Taller-2-Robotica/ros2_ws/build/diff_bot_3/prefix_override:/usr/lib/python3/dist-packages/colcon_core/task/python/colcon_distutils_commands:/home/johan/Taller-2-Robotica/ros2_ws/install/diff_bot_3/lib/python3.12/site-packages:${PYTHONPATH} /usr/bin/python3 -W ignore:setup.py install is deprecated -W ignore:easy_install command is deprecated setup.py egg_info --egg-base ../../build/diff_bot_3 build --build-base /home/johan/Taller-2-Robotica/ros2_ws/build/diff_bot_3/build install --record /home/johan/Taller-2-Robotica/ros2_ws/build/diff_bot_3/install.log --single-version-externally-managed install_data
