[0.209s] DEBUG:colcon:Command line arguments: ['/usr/bin/colcon', 'build', '--packages-select', 'diff_bot_3']
[0.209s] DEBUG:colcon:Parsed command line arguments: Namespace(log_base=None, log_level=None, verb_name='build', build_base='build', install_base='install', merge_install=False, symlink_install=False, test_result_base=None, continue_on_error=False, executor='parallel', parallel_workers=4, event_handlers=None, ignore_user_meta=False, metas=['./colcon.meta'], base_paths=['.'], packages_ignore=None, packages_ignore_regex=None, paths=None, packages_up_to=None, packages_up_to_regex=None, packages_above=None, packages_above_and_dependencies=None, packages_above_depth=None, packages_select_by_dep=None, packages_skip_by_dep=None, packages_skip_up_to=None, packages_select_build_failed=False, packages_skip_build_finished=False, packages_select_test_failures=False, packages_skip_test_passed=False, packages_select=['diff_bot_3'], packages_skip=None, packages_select_regex=None, packages_skip_regex=None, packages_start=None, packages_end=None, allow_overriding=[], cmake_args=None, cmake_target=None, cmake_target_skip_unavailable=False, cmake_clean_cache=False, cmake_clean_first=False, cmake_force_configure=False, ament_cmake_args=None, catkin_cmake_args=None, catkin_skip_building_tests=False, mixin_files=None, mixin=None, verb_parser=<colcon_mixin.mixin.mixin_argument.MixinArgumentDecorator object at 0xffff99c3c680>, verb_extension=<colcon_core.verb.build.BuildVerb object at 0xffff99df86b0>, main=<bound method BuildVerb.main of <colcon_core.verb.build.BuildVerb object at 0xffff99df86b0>>, mixin_verb=('build',))
[0.285s] Level 1:colcon.colcon_core.package_discovery:discover_packages(colcon_meta) check parameters
[0.285s] Level 1:colcon.colcon_core.package_discovery:discover_packages(recursive) check parameters
[0.285s] Level 1:colcon.colcon_core.package_discovery:discover_packages(ignore) check parameters
[0.285s] Level 1:colcon.colcon_core.package_discovery:discover_packages(path) check parameters
[0.285s] Level 1:colcon.colcon_core.package_discovery:discover_packages(colcon_meta) discover
[0.285s] Level 1:colcon.colcon_core.package_discovery:discover_packages(recursive) discover
[0.285s] INFO:colcon.colcon_core.package_discovery:Crawling recursively for packages in '/home/johan/Taller-2-Robotica/ros2_ws'
[0.285s] Level 1:colcon.colcon_core.package_identification:_identify(.) by extensions ['ignore', 'ignore_ament_install']
[0.286s] Level 1:colcon.colcon_core.package_identification:_identify(.) by extension 'ignore'
[0.286s] Level 1:colcon.colcon_core.package_identification:_identify(.) by extension 'ignore_ament_install'
[0.286s] Level 1:colcon.colcon_core.package_identification:_identify(.) by extensions ['colcon_pkg']
[0.286s] Level 1:colcon.colcon_core.package_identification:_identify(.) by extension 'colcon_pkg'
[0.286s] Level 1:colcon.colcon_core.package_identification:_identify(.) by extensions ['colcon_meta']
[0.286s] Level 1:colcon.colcon_core.package_identification:_identify(.) by extension 'colcon_meta'
[0.286s] Level 1:colcon.colcon_core.package_identification:_identify(.) by extensions ['ros']
[0.286s] Level 1:colcon.colcon_core.package_identification:_identify(.) by extension 'ros'
[0.337s] Level 1:colcon.colcon_core.package_identification:_identify(.) by extensions ['cmake', 'python']
[0.338s] Level 1:colcon.colcon_core.package_identification:_identify(.) by extension 'cmake'
[0.338s] Level 1:colcon.colcon_core.package_identification:_identify(.) by extension 'python'
[0.338s] Level 1:colcon.colcon_core.package_identification:_identify(.) by extensions ['python_setup_py']
[0.338s] Level 1:colcon.colcon_core.package_identification:_identify(.) by extension 'python_setup_py'
[0.338s] Level 1:colcon.colcon_core.package_identification:_identify(build) by extensions ['ignore', 'ignore_ament_install']
[0.338s] Level 1:colcon.colcon_core.package_identification:_identify(build) by extension 'ignore'
[0.338s] Level 1:colcon.colcon_core.package_identification:_identify(build) ignored
[0.339s] Level 1:colcon.colcon_core.package_identification:_identify(install) by extensions ['ignore', 'ignore_ament_install']
[0.339s] Level 1:colcon.colcon_core.package_identification:_identify(install) by extension 'ignore'
[0.339s] Level 1:colcon.colcon_core.package_identification:_identify(install) ignored
[0.339s] Level 1:colcon.colcon_core.package_identification:_identify(log) by extensions ['ignore', 'ignore_ament_install']
[0.340s] Level 1:colcon.colcon_core.package_identification:_identify(log) by extension 'ignore'
[0.340s] Level 1:colcon.colcon_core.package_identification:_identify(log) ignored
[0.340s] Level 1:colcon.colcon_core.package_identification:_identify(src) by extensions ['ignore', 'ignore_ament_install']
[0.340s] Level 1:colcon.colcon_core.package_identification:_identify(src) by extension 'ignore'
[0.340s] Level 1:colcon.colcon_core.package_identification:_identify(src) by extension 'ignore_ament_install'
[0.340s] Level 1:colcon.colcon_core.package_identification:_identify(src) by extensions ['colcon_pkg']
[0.340s] Level 1:colcon.colcon_core.package_identification:_identify(src) by extension 'colcon_pkg'
[0.341s] Level 1:colcon.colcon_core.package_identification:_identify(src) by extensions ['colcon_meta']
[0.341s] Level 1:colcon.colcon_core.package_identification:_identify(src) by extension 'colcon_meta'
[0.341s] Level 1:colcon.colcon_core.package_identification:_identify(src) by extensions ['ros']
[0.341s] Level 1:colcon.colcon_core.package_identification:_identify(src) by extension 'ros'
[0.341s] Level 1:colcon.colcon_core.package_identification:_identify(src) by extensions ['cmake', 'python']
[0.341s] Level 1:colcon.colcon_core.package_identification:_identify(src) by extension 'cmake'
[0.341s] Level 1:colcon.colcon_core.package_identification:_identify(src) by extension 'python'
[0.341s] Level 1:colcon.colcon_core.package_identification:_identify(src) by extensions ['python_setup_py']
[0.341s] Level 1:colcon.colcon_core.package_identification:_identify(src) by extension 'python_setup_py'
[0.342s] Level 1:colcon.colcon_core.package_identification:_identify(src/diff_bot_3) by extensions ['ignore', 'ignore_ament_install']
[0.342s] Level 1:colcon.colcon_core.package_identification:_identify(src/diff_bot_3) by extension 'ignore'
[0.342s] Level 1:colcon.colcon_core.package_identification:_identify(src/diff_bot_3) by extension 'ignore_ament_install'
[0.342s] Level 1:colcon.colcon_core.package_identification:_identify(src/diff_bot_3) by extensions ['colcon_pkg']
[0.342s] Level 1:colcon.colcon_core.package_identification:_identify(src/diff_bot_3) by extension 'colcon_pkg'
[0.342s] Level 1:colcon.colcon_core.package_identification:_identify(src/diff_bot_3) by extensions ['colcon_meta']
[0.342s] Level 1:colcon.colcon_core.package_identification:_identify(src/diff_bot_3) by extension 'colcon_meta'
[0.343s] Level 1:colcon.colcon_core.package_identification:_identify(src/diff_bot_3) by extensions ['ros']
[0.343s] Level 1:colcon.colcon_core.package_identification:_identify(src/diff_bot_3) by extension 'ros'
[0.348s] DEBUG:colcon.colcon_core.package_identification:Package 'src/diff_bot_3' with type 'ros.ament_python' and name 'diff_bot_3'
[0.348s] Level 1:colcon.colcon_core.package_discovery:discover_packages(recursive) using defaults
[0.349s] Level 1:colcon.colcon_core.package_discovery:discover_packages(ignore) discover
[0.349s] Level 1:colcon.colcon_core.package_discovery:discover_packages(ignore) using defaults
[0.349s] Level 1:colcon.colcon_core.package_discovery:discover_packages(path) discover
[0.349s] Level 1:colcon.colcon_core.package_discovery:discover_packages(path) using defaults
[0.382s] Level 1:colcon.colcon_core.package_discovery:discover_packages(prefix_path) check parameters
[0.383s] Level 1:colcon.colcon_core.package_discovery:discover_packages(prefix_path) discover
[0.387s] DEBUG:colcon.colcon_installed_package_information.package_discovery:Found 1 installed packages in /home/johan/ros2_ws/install
[0.389s] DEBUG:colcon.colcon_installed_package_information.package_discovery:Found 286 installed packages in /opt/ros/jazzy
[0.391s] Level 1:colcon.colcon_core.package_discovery:discover_packages(prefix_path) using defaults
[0.455s] Level 5:colcon.colcon_core.verb:set package 'diff_bot_3' build argument 'cmake_args' from command line to 'None'
[0.455s] Level 5:colcon.colcon_core.verb:set package 'diff_bot_3' build argument 'cmake_target' from command line to 'None'
[0.455s] Level 5:colcon.colcon_core.verb:set package 'diff_bot_3' build argument 'cmake_target_skip_unavailable' from command line to 'False'
[0.455s] Level 5:colcon.colcon_core.verb:set package 'diff_bot_3' build argument 'cmake_clean_cache' from command line to 'False'
[0.455s] Level 5:colcon.colcon_core.verb:set package 'diff_bot_3' build argument 'cmake_clean_first' from command line to 'False'
[0.455s] Level 5:colcon.colcon_core.verb:set package 'diff_bot_3' build argument 'cmake_force_configure' from command line to 'False'
[0.455s] Level 5:colcon.colcon_core.verb:set package 'diff_bot_3' build argument 'ament_cmake_args' from command line to 'None'
[0.455s] Level 5:colcon.colcon_core.verb:set package 'diff_bot_3' build argument 'catkin_cmake_args' from command line to 'None'
[0.455s] Level 5:colcon.colcon_core.verb:set package 'diff_bot_3' build argument 'catkin_skip_building_tests' from command line to 'False'
[0.455s] DEBUG:colcon.colcon_core.verb:Building package 'diff_bot_3' with the following arguments: {'ament_cmake_args': None, 'build_base': '/home/johan/Taller-2-Robotica/ros2_ws/build/diff_bot_3', 'catkin_cmake_args': None, 'catkin_skip_building_tests': False, 'cmake_args': None, 'cmake_clean_cache': False, 'cmake_clean_first': False, 'cmake_force_configure': False, 'cmake_target': None, 'cmake_target_skip_unavailable': False, 'install_base': '/home/johan/Taller-2-Robotica/ros2_ws/install/diff_bot_3', 'merge_install': False, 'path': '/home/johan/Taller-2-Robotica/ros2_ws/src/diff_bot_3', 'symlink_install': False, 'test_result_base': None}
[0.455s] INFO:colcon.colcon_core.executor:Executing jobs using 'parallel' executor
[0.457s] DEBUG:colcon.colcon_parallel_executor.executor.parallel:run_until_complete
[0.457s] INFO:colcon.colcon_ros.task.ament_python.build:Building ROS package in '/home/johan/Taller-2-Robotica/ros2_ws/src/diff_bot_3' with build type 'ament_python'
[0.458s] Level 1:colcon.colcon_core.shell:create_environment_hook('diff_bot_3', 'ament_prefix_path')
[0.489s] INFO:colcon.colcon_core.plugin_system:Skipping extension 'colcon_core.shell.bat': Not used on non-Windows systems
[0.489s] INFO:colcon.colcon_core.shell:Creating environment hook '/home/johan/Taller-2-Robotica/ros2_ws/install/diff_bot_3/share/diff_bot_3/hook/ament_prefix_path.ps1'
[0.491s] INFO:colcon.colcon_core.shell:Creating environment descriptor '/home/johan/Taller-2-Robotica/ros2_ws/install/diff_bot_3/share/diff_bot_3/hook/ament_prefix_path.dsv'
[0.492s] INFO:colcon.colcon_core.shell:Creating environment hook '/home/johan/Taller-2-Robotica/ros2_ws/install/diff_bot_3/share/diff_bot_3/hook/ament_prefix_path.sh'
[0.494s] INFO:colcon.colcon_core.shell:Skip shell extension 'powershell' for command environment: Not usable outside of PowerShell
[0.494s] DEBUG:colcon.colcon_core.shell:Skip shell extension 'dsv' for command environment
[0.893s] INFO:colcon.colcon_core.task.python.build:Building Python package in '/home/johan/Taller-2-Robotica/ros2_ws/src/diff_bot_3'
[0.894s] INFO:colcon.colcon_core.shell:Skip shell extension 'powershell' for command environment: Not usable outside of PowerShell
[0.894s] DEBUG:colcon.colcon_core.shell:Skip shell extension 'dsv' for command environment
[2.389s] DEBUG:colcon.colcon_core.event_handler.log_command:Invoking command in '/home/johan/Taller-2-Robotica/ros2_ws/src/diff_bot_3': DEBUGINFOD_URLS=https://debuginfod.ubuntu.com PYTHONPATH=/home/johan/Taller-2-Robotica/ros2_ws/build/diff_bot_3/prefix_override:/usr/lib/python3/dist-packages/colcon_core/task/python/colcon_distutils_commands:/home/johan/Taller-2-Robotica/ros2_ws/install/diff_bot_3/lib/python3.12/site-packages:${PYTHONPATH} /usr/bin/python3 -W ignore:setup.py install is deprecated -W ignore:easy_install command is deprecated setup.py egg_info --egg-base ../../build/diff_bot_3 build --build-base /home/johan/Taller-2-Robotica/ros2_ws/build/diff_bot_3/build install --record /home/johan/Taller-2-Robotica/ros2_ws/build/diff_bot_3/install.log --single-version-externally-managed install_data
[3.384s] DEBUG:colcon.colcon_core.event_handler.log_command:Invoked command in '/home/johan/Taller-2-Robotica/ros2_ws/src/diff_bot_3' returned '0': DEBUGINFOD_URLS=https://debuginfod.ubuntu.com PYTHONPATH=/home/johan/Taller-2-Robotica/ros2_ws/build/diff_bot_3/prefix_override:/usr/lib/python3/dist-packages/colcon_core/task/python/colcon_distutils_commands:/home/johan/Taller-2-Robotica/ros2_ws/install/diff_bot_3/lib/python3.12/site-packages:${PYTHONPATH} /usr/bin/python3 -W ignore:setup.py install is deprecated -W ignore:easy_install command is deprecated setup.py egg_info --egg-base ../../build/diff_bot_3 build --build-base /home/johan/Taller-2-Robotica/ros2_ws/build/diff_bot_3/build install --record /home/johan/Taller-2-Robotica/ros2_ws/build/diff_bot_3/install.log --single-version-externally-managed install_data
[3.401s] Level 1:colcon.colcon_core.environment:checking '/home/johan/Taller-2-Robotica/ros2_ws/install/diff_bot_3' for CMake module files
[3.402s] Level 1:colcon.colcon_core.environment:checking '/home/johan/Taller-2-Robotica/ros2_ws/install/diff_bot_3' for CMake config files
[3.403s] Level 1:colcon.colcon_core.environment:checking '/home/johan/Taller-2-Robotica/ros2_ws/install/diff_bot_3/lib'
[3.403s] Level 1:colcon.colcon_core.environment:checking '/home/johan/Taller-2-Robotica/ros2_ws/install/diff_bot_3/bin'
[3.403s] Level 1:colcon.colcon_core.environment:checking '/home/johan/Taller-2-Robotica/ros2_ws/install/diff_bot_3/lib/pkgconfig/diff_bot_3.pc'
[3.404s] Level 1:colcon.colcon_core.environment:checking '/home/johan/Taller-2-Robotica/ros2_ws/install/diff_bot_3/lib/python3.12/site-packages'
[3.404s] Level 1:colcon.colcon_core.shell:create_environment_hook('diff_bot_3', 'pythonpath')
[3.404s] INFO:colcon.colcon_core.shell:Creating environment hook '/home/johan/Taller-2-Robotica/ros2_ws/install/diff_bot_3/share/diff_bot_3/hook/pythonpath.ps1'
[3.405s] INFO:colcon.colcon_core.shell:Creating environment descriptor '/home/johan/Taller-2-Robotica/ros2_ws/install/diff_bot_3/share/diff_bot_3/hook/pythonpath.dsv'
[3.405s] INFO:colcon.colcon_core.shell:Creating environment hook '/home/johan/Taller-2-Robotica/ros2_ws/install/diff_bot_3/share/diff_bot_3/hook/pythonpath.sh'
[3.407s] Level 1:colcon.colcon_core.environment:checking '/home/johan/Taller-2-Robotica/ros2_ws/install/diff_bot_3/bin'
[3.407s] Level 1:colcon.colcon_core.environment:create_environment_scripts_only(diff_bot_3)
[3.407s] INFO:colcon.colcon_core.shell:Creating package script '/home/johan/Taller-2-Robotica/ros2_ws/install/diff_bot_3/share/diff_bot_3/package.ps1'
[3.409s] INFO:colcon.colcon_core.shell:Creating package descriptor '/home/johan/Taller-2-Robotica/ros2_ws/install/diff_bot_3/share/diff_bot_3/package.dsv'
[3.410s] INFO:colcon.colcon_core.shell:Creating package script '/home/johan/Taller-2-Robotica/ros2_ws/install/diff_bot_3/share/diff_bot_3/package.sh'
[3.412s] INFO:colcon.colcon_core.shell:Creating package script '/home/johan/Taller-2-Robotica/ros2_ws/install/diff_bot_3/share/diff_bot_3/package.bash'
[3.413s] INFO:colcon.colcon_core.shell:Creating package script '/home/johan/Taller-2-Robotica/ros2_ws/install/diff_bot_3/share/diff_bot_3/package.zsh'
[3.415s] Level 1:colcon.colcon_core.environment:create_file_with_runtime_dependencies(/home/johan/Taller-2-Robotica/ros2_ws/install/diff_bot_3/share/colcon-core/packages/diff_bot_3)
[3.415s] DEBUG:colcon.colcon_parallel_executor.executor.parallel:closing loop
[3.416s] DEBUG:colcon.colcon_parallel_executor.executor.parallel:loop closed
[3.416s] DEBUG:colcon.colcon_parallel_executor.executor.parallel:run_until_complete finished with '0'
[3.417s] DEBUG:colcon.colcon_core.event_reactor:joining thread
[3.445s] INFO:colcon.colcon_core.plugin_system:Skipping extension 'colcon_notification.desktop_notification.terminal_notifier': Not used on non-Darwin systems
[3.445s] INFO:colcon.colcon_core.plugin_system:Skipping extension 'colcon_notification.desktop_notification.win32': Not used on non-Windows systems
[3.445s] INFO:colcon.colcon_notification.desktop_notification:Sending desktop notification using 'notify2'
[3.655s] DEBUG:colcon.colcon_core.event_reactor:joined thread
[3.655s] INFO:colcon.colcon_core.shell:Creating prefix script '/home/johan/Taller-2-Robotica/ros2_ws/install/local_setup.ps1'
[3.657s] INFO:colcon.colcon_core.shell:Creating prefix util module '/home/johan/Taller-2-Robotica/ros2_ws/install/_local_setup_util_ps1.py'
[3.660s] INFO:colcon.colcon_core.shell:Creating prefix chain script '/home/johan/Taller-2-Robotica/ros2_ws/install/setup.ps1'
[3.663s] INFO:colcon.colcon_core.shell:Creating prefix script '/home/johan/Taller-2-Robotica/ros2_ws/install/local_setup.sh'
[3.664s] INFO:colcon.colcon_core.shell:Creating prefix util module '/home/johan/Taller-2-Robotica/ros2_ws/install/_local_setup_util_sh.py'
[3.666s] INFO:colcon.colcon_core.shell:Creating prefix chain script '/home/johan/Taller-2-Robotica/ros2_ws/install/setup.sh'
[3.669s] INFO:colcon.colcon_core.shell:Creating prefix script '/home/johan/Taller-2-Robotica/ros2_ws/install/local_setup.bash'
[3.671s] INFO:colcon.colcon_core.shell:Creating prefix chain script '/home/johan/Taller-2-Robotica/ros2_ws/install/setup.bash'
[3.673s] INFO:colcon.colcon_core.shell:Creating prefix script '/home/johan/Taller-2-Robotica/ros2_ws/install/local_setup.zsh'
[3.675s] INFO:colcon.colcon_core.shell:Creating prefix chain script '/home/johan/Taller-2-Robotica/ros2_ws/install/setup.zsh'
