[1.868s] Invoking command in '/home/johan/Taller-2-Robotica/ros2_ws/src/diff_bot_3': DEBUGINFOD_URLS=https://debuginfod.ubuntu.com PYTHONPATH=/home/johan/Taller-2-Robotica/ros2_ws/build/diff_bot_3/prefix_override:/usr/lib/python3/dist-packages/colcon_core/task/python/colcon_distutils_commands:/home/johan/Taller-2-Robotica/ros2_ws/install/diff_bot_3/lib/python3.12/site-packages:${PYTHONPATH} /usr/bin/python3 -W ignore:setup.py install is deprecated -W ignore:easy_install command is deprecated setup.py egg_info --egg-base ../../build/diff_bot_3 build --build-base /home/johan/Taller-2-Robotica/ros2_ws/build/diff_bot_3/build install --record /home/johan/Taller-2-Robotica/ros2_ws/build/diff_bot_3/install.log --single-version-externally-managed install_data
[2.266s] running egg_info
[2.291s] writing ../../build/diff_bot_3/diff_bot_3.egg-info/PKG-INFO
[2.292s] writing dependency_links to ../../build/diff_bot_3/diff_bot_3.egg-info/dependency_links.txt
[2.294s] writing entry points to ../../build/diff_bot_3/diff_bot_3.egg-info/entry_points.txt
[2.295s] writing requirements to ../../build/diff_bot_3/diff_bot_3.egg-info/requires.txt
[2.295s] writing top-level names to ../../build/diff_bot_3/diff_bot_3.egg-info/top_level.txt
[2.354s] reading manifest file '../../build/diff_bot_3/diff_bot_3.egg-info/SOURCES.txt'
[2.356s] writing manifest file '../../build/diff_bot_3/diff_bot_3.egg-info/SOURCES.txt'
[2.356s] running build
[2.356s] running build_py
[2.357s] copying diff_bot_3/robot_core.py -> /home/johan/Taller-2-Robotica/ros2_ws/build/diff_bot_3/build/lib/diff_bot_3
[2.358s] running install
[2.368s] running install_lib
[2.395s] copying /home/johan/Taller-2-Robotica/ros2_ws/build/diff_bot_3/build/lib/diff_bot_3/robot_core.py -> /home/johan/Taller-2-Robotica/ros2_ws/install/diff_bot_3/lib/python3.12/site-packages/diff_bot_3
[2.396s] byte-compiling /home/johan/Taller-2-Robotica/ros2_ws/install/diff_bot_3/lib/python3.12/site-packages/diff_bot_3/robot_core.py to robot_core.cpython-312.pyc
[2.398s] running install_data
[2.398s] running install_egg_info
[2.432s] removing '/home/johan/Taller-2-Robotica/ros2_ws/install/diff_bot_3/lib/python3.12/site-packages/diff_bot_3-0.0.0-py3.12.egg-info' (and everything under it)
[2.432s] Copying ../../build/diff_bot_3/diff_bot_3.egg-info to /home/johan/Taller-2-Robotica/ros2_ws/install/diff_bot_3/lib/python3.12/site-packages/diff_bot_3-0.0.0-py3.12.egg-info
[2.433s] running install_scripts
[2.626s] Installing robot_core script to /home/johan/Taller-2-Robotica/ros2_ws/install/diff_bot_3/lib/diff_bot_3
[2.627s] Installing robot_interface script to /home/johan/Taller-2-Robotica/ros2_ws/install/diff_bot_3/lib/diff_bot_3
[2.629s] Installing robot_player script to /home/johan/Taller-2-Robotica/ros2_ws/install/diff_bot_3/lib/diff_bot_3
[2.630s] Installing robot_teleop script to /home/johan/Taller-2-Robotica/ros2_ws/install/diff_bot_3/lib/diff_bot_3
[2.630s] writing list of installed files to '/home/johan/Taller-2-Robotica/ros2_ws/build/diff_bot_3/install.log'
[2.703s] Invoked command in '/home/johan/Taller-2-Robotica/ros2_ws/src/diff_bot_3' returned '0': DEBUGINFOD_URLS=https://debuginfod.ubuntu.com PYTHONPATH=/home/johan/Taller-2-Robotica/ros2_ws/build/diff_bot_3/prefix_override:/usr/lib/python3/dist-packages/colcon_core/task/python/colcon_distutils_commands:/home/johan/Taller-2-Robotica/ros2_ws/install/diff_bot_3/lib/python3.12/site-packages:${PYTHONPATH} /usr/bin/python3 -W ignore:setup.py install is deprecated -W ignore:easy_install command is deprecated setup.py egg_info --egg-base ../../build/diff_bot_3 build --build-base /home/johan/Taller-2-Robotica/ros2_ws/build/diff_bot_3/build install --record /home/johan/Taller-2-Robotica/ros2_ws/build/diff_bot_3/install.log --single-version-externally-managed install_data
